host: ceres19-compute-62.ceres.scinet.usda.gov
Building DAG of jobs...
Using shell: /usr/bin/bash
Provided cores: 1 (use --cores to define parallelism)
Rules claiming more threads will be scaled down.
Conda environments: ignored
Job stats:
job           count
----------  -------
hifiasm           1
purge_dups        1
ragtag            1
total             3

Select jobs to execute...
Execute 1 jobs...

[Mon Nov 25 18:09:41 2024]
localrule hifiasm:
    input: /project/coffea_pangenome/Artocarpus/Assemblies/20241115_JustinAssemblies/N15_22/N15_22.HiFi.fastq.gz
    output: /project/coffea_pangenome/Artocarpus/Assemblies/20241115_JustinAssemblies/N15_22/HiCHiFi/N15_22.p_ctg.gfa
    jobid: 2
    reason: Missing output files: /project/coffea_pangenome/Artocarpus/Assemblies/20241115_JustinAssemblies/N15_22/HiCHiFi/N15_22.p_ctg.gfa
    wildcards: sample=N15_22
    resources: tmpdir=/local/bgfs/justin.merondun/13662458

Activating singularity image /project/coffea_pangenome/Software/Merondun/apptainers/puzzler.sif
[Mon Nov 25 18:10:00 2024]
Error in rule hifiasm:
    jobid: 2
    input: /project/coffea_pangenome/Artocarpus/Assemblies/20241115_JustinAssemblies/N15_22/N15_22.HiFi.fastq.gz
    output: /project/coffea_pangenome/Artocarpus/Assemblies/20241115_JustinAssemblies/N15_22/HiCHiFi/N15_22.p_ctg.gfa
    shell:
        
        echo "~~~~ Starting HiFiasm Assembly for N15_22 ~~~~"
        hifiasm --n-hap 2 -s 0.9 -t 1             -o /project/coffea_pangenome/Artocarpus/Assemblies/20241115_JustinAssemblies/N15_22/HiCHiFi/N15_22 /project/coffea_pangenome/Artocarpus/Assemblies/20241115_JustinAssemblies/N15_22/N15_22.HiFi.fastq.gz
        echo "~~~~ HiFiasm Assembly Complete ~~~~"
        
        (one of the commands exited with non-zero exit code; note that snakemake uses bash strict mode!)

Shutting down, this might take some time.
Exiting because a job execution failed. Look above for error message
Complete log: .snakemake/log/2024-11-25T180941.165224.snakemake.log
WorkflowError:
At least one job did not complete successfully.
