=======================================================================
__________ ____ _______________________.____     _____________________ 
\______   \    |   \____    /\____    /|    |    \_   _____/\______   \
 |     ___/    |   / /     /   /     / |    |     |    __)_  |       _/
 |    |   |    |  / /     /_  /     /_ |    |___  |        \ |    |   \
 |____|   |______/ /_______ \/_______ \|_______ \/_______  / |____|_  /
                           \/        \/        \/        \/         \/ 
=======================================================================

Starting assembly pipeline for HART058
Ploidy: 2
HiFi reads: /project/coffea_pangenome/Artocarpus/Assemblies/20241115_JustinAssemblies/HART058/HART058.HiFi.fastq.gz
HiC reads: /project/coffea_pangenome/Artocarpus/Assemblies/20241115_JustinAssemblies/HART058/HART058.HiC.R1.fastq.gz, /project/coffea_pangenome/Artocarpus/Assemblies/20241115_JustinAssemblies/HART058/HART058.HiC.R2.fastq.gz
Running HiC-enabled pipeline
Assuming unrestricted shared filesystem usage.
host: ceres19-compute-37.ceres.scinet.usda.gov
Building DAG of jobs...
Using shell: /usr/bin/bash
Provided cores: 1 (use --cores to define parallelism)
Rules claiming more threads will be scaled down.
Conda environments: ignored
Job stats:
job            count
-----------  -------
haphic             1
hifiasm_hic        1
purge_dups         1
ragtag             1
total              4

Select jobs to execute...
Execute 1 jobs...

[Tue Nov 26 16:20:00 2024]
localrule hifiasm_hic:
    input: /project/coffea_pangenome/Artocarpus/Assemblies/20241115_JustinAssemblies/HART058/HART058.HiFi.fastq.gz, /project/coffea_pangenome/Artocarpus/Assemblies/20241115_JustinAssemblies/HART058/HART058.HiC.R1.fastq.gz, /project/coffea_pangenome/Artocarpus/Assemblies/20241115_JustinAssemblies/HART058/HART058.HiC.R2.fastq.gz
    output: /project/coffea_pangenome/Artocarpus/Assemblies/20241115_JustinAssemblies/HART058/HiCHiFi/HART058.hic.p_ctg.gfa
    jobid: 3
    reason: Missing output files: /project/coffea_pangenome/Artocarpus/Assemblies/20241115_JustinAssemblies/HART058/HiCHiFi/HART058.hic.p_ctg.gfa
    wildcards: sample=HART058
    resources: tmpdir=/local/bgfs/justin.merondun/13664512

Activating singularity image /project/coffea_pangenome/Software/Merondun/apptainers/puzzler.sif
WARNING: SINGULARITY_TMPDIR and APPTAINER_TMPDIR have different values, using the latter
~~~~ Starting HiFiasm-HiC Assembly for HART058 ~~~~
[M::ha_analyze_count] lowest: count[5] = 952
[M::ha_analyze_count] highest: count[116] = 13642954
[M::ha_hist_line]     2: ****************************************************************************************************> 739456588
[M::ha_hist_line]     3:  25084
[M::ha_hist_line]     4: ****************************************************************************************************> 31535438
[M::ha_hist_line]     5:  952
[M::ha_hist_line]     6: ***************************************************** 7219841
[M::ha_hist_line]     7:  191
[M::ha_hist_line]     8: ********************* 2930533
[M::ha_hist_line]     9:  87
[M::ha_hist_line]    10: *********** 1476774
[M::ha_hist_line]    11:  26
[M::ha_hist_line]    12: ****** 874168
[M::ha_hist_line]    13:  20
[M::ha_hist_line]    14: **** 596268
[M::ha_hist_line]    15:  17
[M::ha_hist_line]    16: *** 422225
[M::ha_hist_line]    17:  13
[M::ha_hist_line]    18: ** 310854
[M::ha_hist_line]    19:  6
[M::ha_hist_line]    20: ** 245978
[M::ha_hist_line]    21:  4
[M::ha_hist_line]    22: * 196962
[M::ha_hist_line]    23:  7
[M::ha_hist_line]    24: * 156716
[M::ha_hist_line]    25:  0
[M::ha_hist_line]    26: * 137520
[M::ha_hist_line]    27:  1
[M::ha_hist_line]    28: * 120785
[M::ha_hist_line]    29:  5
[M::ha_hist_line]    30: * 104841
[M::ha_hist_line]    31:  2
[M::ha_hist_line]    32: * 100162
[M::ha_hist_line]    33:  0
[M::ha_hist_line]    34: * 101772
[M::ha_hist_line]    35:  1
[M::ha_hist_line]    36: * 95539
[M::ha_hist_line]    37:  3
[M::ha_hist_line]    38: * 109517
[M::ha_hist_line]    39:  4
[M::ha_hist_line]    40: * 122518
[M::ha_hist_line]    41:  2
[M::ha_hist_line]    42: * 140285
[M::ha_hist_line]    43:  3
[M::ha_hist_line]    44: * 164658
[M::ha_hist_line]    45:  4
[M::ha_hist_line]    46: * 195105
[M::ha_hist_line]    47:  3
[M::ha_hist_line]    48: ** 220276
[M::ha_hist_line]    49:  2
[M::ha_hist_line]    50: ** 263475
[M::ha_hist_line]    51:  2
[M::ha_hist_line]    52: ** 317958
[M::ha_hist_line]    53:  5
[M::ha_hist_line]    54: *** 369179
[M::ha_hist_line]    55:  9
[M::ha_hist_line]    56: *** 433001
[M::ha_hist_line]    57:  3
[M::ha_hist_line]    58: **** 508700
[M::ha_hist_line]    59:  9
[M::ha_hist_line]    60: **** 605865
[M::ha_hist_line]    61:  5
[M::ha_hist_line]    62: ***** 693402
[M::ha_hist_line]    63:  8
[M::ha_hist_line]    64: ****** 772327
[M::ha_hist_line]    65:  10
[M::ha_hist_line]    66: ****** 866202
[M::ha_hist_line]    67:  11
[M::ha_hist_line]    68: ******* 988109
[M::ha_hist_line]    69:  10
[M::ha_hist_line]    70: ******** 1121130
[M::ha_hist_line]    71:  11
[M::ha_hist_line]    72: ********* 1267832
[M::ha_hist_line]    73:  12
[M::ha_hist_line]    74: *********** 1448093
[M::ha_hist_line]    75:  24
[M::ha_hist_line]    76: ************ 1668756
[M::ha_hist_line]    77:  34
[M::ha_hist_line]    78: ************** 1929065
[M::ha_hist_line]    79:  34
[M::ha_hist_line]    80: **************** 2206017
[M::ha_hist_line]    81:  24
[M::ha_hist_line]    82: ******************* 2595436
[M::ha_hist_line]    83:  30
[M::ha_hist_line]    84: ********************** 3036663
[M::ha_hist_line]    85:  46
[M::ha_hist_line]    86: ************************** 3602502
[M::ha_hist_line]    87:  53
[M::ha_hist_line]    88: ******************************* 4180172
[M::ha_hist_line]    89:  53
[M::ha_hist_line]    90: ************************************ 4877734
[M::ha_hist_line]    91:  65
[M::ha_hist_line]    92: ***************************************** 5617646
[M::ha_hist_line]    93:  81
[M::ha_hist_line]    94: *********************************************** 6419562
[M::ha_hist_line]    95:  75
[M::ha_hist_line]    96: ***************************************************** 7292683
[M::ha_hist_line]    97:  78
[M::ha_hist_line]    98: ************************************************************ 8154676
[M::ha_hist_line]    99:  104
[M::ha_hist_line]   100: ******************************************************************* 9120685
[M::ha_hist_line]   101:  106
[M::ha_hist_line]   102: ************************************************************************* 10005720
[M::ha_hist_line]   103:  114
[M::ha_hist_line]   104: ******************************************************************************** 10895659
[M::ha_hist_line]   105:  133
[M::ha_hist_line]   106: ************************************************************************************** 11691918
[M::ha_hist_line]   107:  150
[M::ha_hist_line]   108: ******************************************************************************************* 12392684
[M::ha_hist_line]   109:  174
[M::ha_hist_line]   110: *********************************************************************************************** 12924627
[M::ha_hist_line]   111:  127
[M::ha_hist_line]   112: ************************************************************************************************** 13378855
[M::ha_hist_line]   113:  181
[M::ha_hist_line]   114: **************************************************************************************************** 13598811
[M::ha_hist_line]   115:  152
[M::ha_hist_line]   116: **************************************************************************************************** 13642954
[M::ha_hist_line]  rest: ****************************************************************************************************> 475942878
[M::ha_analyze_count] left: count[114] = 13598811
[M::ha_analyze_count] right: count[118] = 13487929
[M::ha_ft_gen] peak_hom: 118; peak_het: 116
[M::ha_ct_shrink::7459.719*1.51] ==> counted 6404860 distinct minimizer k-mers
[M::ha_ft_gen::7462.871*1.51@33.171GB] ==> filtered out 6404860 k-mers occurring 590 or more times
[M::ha_opt_update_cov] updated max_n_chain to 590
