=======================================================================
__________ ____ _______________________.____     _____________________ 
\______   \    |   \____    /\____    /|    |    \_   _____/\______   \
 |     ___/    |   / /     /   /     / |    |     |    __)_  |       _/
 |    |   |    |  / /     /_  /     /_ |    |___  |        \ |    |   \
 |____|   |______/ /_______ \/_______ \|_______ \/_______  / |____|_  /
                           \/        \/        \/        \/         \/ 
=======================================================================

Starting assembly pipeline for HART046
Ploidy: 3
HiFi reads: /project/coffea_pangenome/Artocarpus/Assemblies/20241115_JustinAssemblies/HART046/HART046.HiFi.fastq.gz
HiC reads: /project/coffea_pangenome/Artocarpus/Assemblies/20241115_JustinAssemblies/HART046/HART046.HiC.R1.fastq.gz, /project/coffea_pangenome/Artocarpus/Assemblies/20241115_JustinAssemblies/HART046/HART046.HiC.R2.fastq.gz
Running HiC-enabled pipeline
Assuming unrestricted shared filesystem usage.
host: ceres19-compute-4.ceres.scinet.usda.gov
Building DAG of jobs...
Using shell: /usr/bin/bash
Provided cores: 1 (use --cores to define parallelism)
Rules claiming more threads will be scaled down.
Conda environments: ignored
Job stats:
job            count
-----------  -------
haphic             1
hifiasm_hic        1
purge_dups         1
ragtag             1
total              4

Select jobs to execute...
Execute 1 jobs...

[Tue Nov 26 16:18:33 2024]
localrule hifiasm_hic:
    input: /project/coffea_pangenome/Artocarpus/Assemblies/20241115_JustinAssemblies/HART046/HART046.HiFi.fastq.gz, /project/coffea_pangenome/Artocarpus/Assemblies/20241115_JustinAssemblies/HART046/HART046.HiC.R1.fastq.gz, /project/coffea_pangenome/Artocarpus/Assemblies/20241115_JustinAssemblies/HART046/HART046.HiC.R2.fastq.gz
    output: /project/coffea_pangenome/Artocarpus/Assemblies/20241115_JustinAssemblies/HART046/HiCHiFi/HART046.hic.p_ctg.gfa
    jobid: 3
    reason: Missing output files: /project/coffea_pangenome/Artocarpus/Assemblies/20241115_JustinAssemblies/HART046/HiCHiFi/HART046.hic.p_ctg.gfa
    wildcards: sample=HART046
    resources: tmpdir=/local/bgfs/justin.merondun/13664501

Activating singularity image /project/coffea_pangenome/Software/Merondun/apptainers/puzzler.sif
WARNING: SINGULARITY_TMPDIR and APPTAINER_TMPDIR have different values, using the latter
~~~~ Starting HiFiasm-HiC Assembly for HART046 ~~~~
[M::ha_analyze_count] lowest: count[16] = 141766
[M::ha_analyze_count] highest: count[59] = 17066711
[M::ha_hist_line]     2: ********************************************************************** 11973291
[M::ha_hist_line]     3: ****************************************************************************************************> 83996544
[M::ha_hist_line]     4: ************************************* 6285147
[M::ha_hist_line]     5: *********** 1873297
[M::ha_hist_line]     6: ********* 1541940
[M::ha_hist_line]     7: ***** 857738
[M::ha_hist_line]     8: *** 512834
[M::ha_hist_line]     9: ** 365074
[M::ha_hist_line]    10: ** 283950
[M::ha_hist_line]    11: * 229004
[M::ha_hist_line]    12: * 191205
[M::ha_hist_line]    13: * 162795
[M::ha_hist_line]    14: * 153789
[M::ha_hist_line]    15: * 143953
[M::ha_hist_line]    16: * 141766
[M::ha_hist_line]    17: * 145912
[M::ha_hist_line]    18: * 150591
[M::ha_hist_line]    19: * 170098
[M::ha_hist_line]    20: * 201057
[M::ha_hist_line]    21: * 230516
[M::ha_hist_line]    22: ** 283695
[M::ha_hist_line]    23: ** 329140
[M::ha_hist_line]    24: ** 389346
[M::ha_hist_line]    25: *** 452458
[M::ha_hist_line]    26: *** 527160
[M::ha_hist_line]    27: **** 623207
[M::ha_hist_line]    28: **** 718996
[M::ha_hist_line]    29: ***** 834872
[M::ha_hist_line]    30: ****** 973134
[M::ha_hist_line]    31: ******* 1142314
[M::ha_hist_line]    32: ******** 1316516
[M::ha_hist_line]    33: ********* 1541299
[M::ha_hist_line]    34: ********** 1776395
[M::ha_hist_line]    35: ************ 2031990
[M::ha_hist_line]    36: ************** 2310414
[M::ha_hist_line]    37: **************** 2668893
[M::ha_hist_line]    38: ****************** 3083861
[M::ha_hist_line]    39: ********************* 3559584
[M::ha_hist_line]    40: ************************ 4116702
[M::ha_hist_line]    41: **************************** 4709315
[M::ha_hist_line]    42: ******************************* 5312052
[M::ha_hist_line]    43: *********************************** 6045145
[M::ha_hist_line]    44: **************************************** 6770160
[M::ha_hist_line]    45: ******************************************** 7507887
[M::ha_hist_line]    46: ************************************************* 8411967
[M::ha_hist_line]    47: ******************************************************* 9311822
[M::ha_hist_line]    48: ************************************************************ 10275773
[M::ha_hist_line]    49: ***************************************************************** 11125591
[M::ha_hist_line]    50: ********************************************************************** 12020904
[M::ha_hist_line]    51: **************************************************************************** 12898039
[M::ha_hist_line]    52: ******************************************************************************** 13696578
[M::ha_hist_line]    53: ************************************************************************************* 14441571
[M::ha_hist_line]    54: **************************************************************************************** 15103687
[M::ha_hist_line]    55: ******************************************************************************************** 15738569
[M::ha_hist_line]    56: *********************************************************************************************** 16185243
[M::ha_hist_line]    57: ************************************************************************************************* 16637984
[M::ha_hist_line]    58: *************************************************************************************************** 16915163
[M::ha_hist_line]    59: **************************************************************************************************** 17066711
[M::ha_hist_line]    60: **************************************************************************************************** 17002986
[M::ha_hist_line]    61: *************************************************************************************************** 16878420
[M::ha_hist_line]    62: ************************************************************************************************** 16674710
[M::ha_hist_line]    63: ************************************************************************************************ 16370270
[M::ha_hist_line]    64: ********************************************************************************************** 15991314
[M::ha_hist_line]    65: ****************************************************************************************** 15367703
[M::ha_hist_line]    66: *************************************************************************************** 14786357
[M::ha_hist_line]    67: ********************************************************************************** 14035835
[M::ha_hist_line]    68: ****************************************************************************** 13299735
[M::ha_hist_line]    69: ************************************************************************* 12486252
[M::ha_hist_line]    70: ******************************************************************** 11668557
[M::ha_hist_line]    71: **************************************************************** 10841349
[M::ha_hist_line]    72: ********************************************************** 9960090
[M::ha_hist_line]    73: ****************************************************** 9140655
[M::ha_hist_line]    74: ************************************************* 8366487
[M::ha_hist_line]    75: ********************************************* 7610455
[M::ha_hist_line]    76: **************************************** 6894257
[M::ha_hist_line]    77: ************************************* 6256915
[M::ha_hist_line]    78: ********************************* 5626186
[M::ha_hist_line]    79: ***************************** 5022924
[M::ha_hist_line]    80: *************************** 4536333
[M::ha_hist_line]    81: ************************ 4081003
[M::ha_hist_line]    82: ********************* 3669152
[M::ha_hist_line]    83: ******************* 3305579
[M::ha_hist_line]    84: ***************** 2985660
[M::ha_hist_line]    85: **************** 2683015
[M::ha_hist_line]    86: ************** 2433762
[M::ha_hist_line]    87: ************* 2265691
[M::ha_hist_line]    88: ************* 2141917
[M::ha_hist_line]    89: ************ 2029638
[M::ha_hist_line]    90: *********** 1961446
[M::ha_hist_line]    91: *********** 1909579
[M::ha_hist_line]    92: *********** 1890066
[M::ha_hist_line]    93: *********** 1929486
[M::ha_hist_line]    94: ************ 1987238
[M::ha_hist_line]    95: ************ 2043899
[M::ha_hist_line]    96: ************ 2133093
[M::ha_hist_line]    97: ************* 2243581
[M::ha_hist_line]    98: ************** 2367227
[M::ha_hist_line]    99: *************** 2490548
[M::ha_hist_line]   100: *************** 2617706
[M::ha_hist_line]   101: **************** 2749311
[M::ha_hist_line]   102: ***************** 2888650
[M::ha_hist_line]   103: ****************** 3042813
[M::ha_hist_line]   104: ******************* 3208794
[M::ha_hist_line]   105: ******************** 3387792
[M::ha_hist_line]   106: ********************* 3568378
[M::ha_hist_line]   107: ********************** 3717917
[M::ha_hist_line]   108: *********************** 3879424
[M::ha_hist_line]   109: ************************ 4011913
[M::ha_hist_line]   110: ************************ 4179586
[M::ha_hist_line]   111: ************************** 4366481
[M::ha_hist_line]   112: ************************** 4506799
[M::ha_hist_line]   113: *************************** 4633827
[M::ha_hist_line]   114: **************************** 4748177
[M::ha_hist_line]   115: **************************** 4832108
[M::ha_hist_line]   116: ***************************** 4933756
[M::ha_hist_line]   117: ***************************** 5000326
[M::ha_hist_line]   118: ****************************** 5038021
[M::ha_hist_line]   119: ****************************** 5072115
[M::ha_hist_line]   120: ****************************** 5099329
[M::ha_hist_line]   121: ****************************** 5130594
[M::ha_hist_line]   122: ****************************** 5129524
[M::ha_hist_line]   123: ****************************** 5109855
[M::ha_hist_line]   124: ****************************** 5066952
[M::ha_hist_line]   125: ***************************** 5007132
[M::ha_hist_line]   126: ***************************** 4967578
[M::ha_hist_line]   127: ***************************** 4886022
[M::ha_hist_line]   128: **************************** 4814157
[M::ha_hist_line]   129: **************************** 4720354
[M::ha_hist_line]   130: *************************** 4599398
[M::ha_hist_line]   131: ************************** 4486405
[M::ha_hist_line]   132: ************************* 4327041
[M::ha_hist_line]   133: ************************* 4199712
[M::ha_hist_line]   134: ************************ 4074985
[M::ha_hist_line]   135: *********************** 3926473
[M::ha_hist_line]   136: ********************** 3792738
[M::ha_hist_line]   137: ********************* 3647592
[M::ha_hist_line]   138: ******************** 3486871
[M::ha_hist_line]   139: ******************** 3353546
[M::ha_hist_line]   140: ******************* 3209497
[M::ha_hist_line]   141: ****************** 3061838
[M::ha_hist_line]   142: ***************** 2924387
[M::ha_hist_line]   143: **************** 2799666
[M::ha_hist_line]   144: **************** 2695499
[M::ha_hist_line]   145: *************** 2581976
[M::ha_hist_line]   146: *************** 2485932
[M::ha_hist_line]   147: ************** 2402505
[M::ha_hist_line]   148: ************** 2345669
[M::ha_hist_line]   149: ************* 2278320
[M::ha_hist_line]   150: ************* 2226920
[M::ha_hist_line]   151: ************* 2200315
[M::ha_hist_line]   152: ************* 2143207
[M::ha_hist_line]   153: ************ 2116148
[M::ha_hist_line]   154: ************ 2105788
[M::ha_hist_line]   155: ************ 2082654
[M::ha_hist_line]   156: ************ 2078359
[M::ha_hist_line]   157: ************ 2088333
[M::ha_hist_line]   158: ************ 2082345
[M::ha_hist_line]   159: ************ 2102053
[M::ha_hist_line]   160: ************ 2128440
[M::ha_hist_line]   161: ************* 2146041
[M::ha_hist_line]   162: ************* 2166402
[M::ha_hist_line]   163: ************* 2203465
[M::ha_hist_line]   164: ************* 2250741
[M::ha_hist_line]   165: ************* 2295957
[M::ha_hist_line]   166: ************** 2334479
[M::ha_hist_line]   167: ************** 2387377
[M::ha_hist_line]   168: ************** 2434536
[M::ha_hist_line]   169: *************** 2489146
[M::ha_hist_line]   170: *************** 2515915
[M::ha_hist_line]   171: *************** 2563478
[M::ha_hist_line]   172: *************** 2612663
[M::ha_hist_line]   173: **************** 2653542
[M::ha_hist_line]   174: **************** 2710237
[M::ha_hist_line]   175: **************** 2746181
[M::ha_hist_line]   176: **************** 2766466
[M::ha_hist_line]   177: ***************** 2817977
[M::ha_hist_line]   178: ***************** 2825743
[M::ha_hist_line]   179: ***************** 2836254
[M::ha_hist_line]   180: ***************** 2830422
[M::ha_hist_line]   181: ***************** 2863577
[M::ha_hist_line]   182: ***************** 2862441
[M::ha_hist_line]   183: ***************** 2840800
[M::ha_hist_line]   184: ***************** 2844877
[M::ha_hist_line]   185: **************** 2812980
[M::ha_hist_line]   186: **************** 2798909
[M::ha_hist_line]   187: **************** 2762644
[M::ha_hist_line]   188: **************** 2714267
[M::ha_hist_line]   189: **************** 2666658
[M::ha_hist_line]   190: *************** 2637494
[M::ha_hist_line]   191: *************** 2594034
[M::ha_hist_line]   192: *************** 2540594
[M::ha_hist_line]   193: *************** 2479173
[M::ha_hist_line]   194: ************** 2428883
[M::ha_hist_line]   195: ************** 2344416
[M::ha_hist_line]   196: ************* 2276714
[M::ha_hist_line]   197: ************* 2226783
[M::ha_hist_line]   198: ************* 2137410
[M::ha_hist_line]   199: ************ 2067174
[M::ha_hist_line]   200: ************ 1988892
[M::ha_hist_line]   201: *********** 1902374
[M::ha_hist_line]   202: *********** 1836245
[M::ha_hist_line]   203: ********** 1748920
[M::ha_hist_line]   204: ********** 1678522
[M::ha_hist_line]   205: ********* 1602059
[M::ha_hist_line]   206: ********* 1519527
[M::ha_hist_line]   207: ******** 1435960
[M::ha_hist_line]   208: ******** 1367827
[M::ha_hist_line]   209: ******** 1297212
[M::ha_hist_line]   210: ******* 1224090
[M::ha_hist_line]   211: ******* 1143160
[M::ha_hist_line]   212: ****** 1075391
[M::ha_hist_line]   213: ****** 1016313
[M::ha_hist_line]   214: ****** 964479
[M::ha_hist_line]   215: ***** 903500
[M::ha_hist_line]   216: ***** 850212
[M::ha_hist_line]   217: ***** 790211
[M::ha_hist_line]   218: **** 740256
[M::ha_hist_line]   219: **** 692663
[M::ha_hist_line]   220: **** 640939
[M::ha_hist_line]   221: *** 592471
[M::ha_hist_line]   222: *** 555318
[M::ha_hist_line]   223: *** 515192
[M::ha_hist_line]   224: *** 482058
[M::ha_hist_line]   225: *** 444695
[M::ha_hist_line]   226: ** 417629
[M::ha_hist_line]   227: ** 383452
[M::ha_hist_line]   228: ** 360254
[M::ha_hist_line]   229: ** 335456
[M::ha_hist_line]   230: ** 313109
[M::ha_hist_line]   231: ** 290228
[M::ha_hist_line]   232: ** 272160
[M::ha_hist_line]   233: ** 257111
[M::ha_hist_line]   234: * 239220
[M::ha_hist_line]   235: * 228034
[M::ha_hist_line]   236: * 213903
[M::ha_hist_line]   237: * 202610
[M::ha_hist_line]   238: * 192824
[M::ha_hist_line]   239: * 181503
[M::ha_hist_line]   240: * 170050
[M::ha_hist_line]   241: * 159875
[M::ha_hist_line]   242: * 152634
[M::ha_hist_line]   243: * 148472
[M::ha_hist_line]   244: * 141681
[M::ha_hist_line]   245: * 136909
[M::ha_hist_line]   246: * 134571
[M::ha_hist_line]   247: * 126787
[M::ha_hist_line]   248: * 124423
[M::ha_hist_line]   249: * 120570
[M::ha_hist_line]   250: * 115733
[M::ha_hist_line]   251: * 112966
[M::ha_hist_line]   252: * 108617
[M::ha_hist_line]   253: * 105975
[M::ha_hist_line]   254: * 104576
[M::ha_hist_line]   255: * 104267
[M::ha_hist_line]   256: * 99464
[M::ha_hist_line]   257: * 98014
[M::ha_hist_line]   258: * 95190
[M::ha_hist_line]   259: * 93517
[M::ha_hist_line]   260: * 91403
[M::ha_hist_line]   261: * 88377
[M::ha_hist_line]   262: * 87540
[M::ha_hist_line]  rest: ********************************************************************** 11998021
[M::ha_analyze_count] left: none
[M::ha_analyze_count] right: count[121] = 5130594
[M::ha_ft_gen] peak_hom: 121; peak_het: 59
[M::ha_ct_shrink::6344.785*1.44] ==> counted 3362053 distinct minimizer k-mers
[M::ha_ft_gen::6346.395*1.44@33.179GB] ==> filtered out 3362053 k-mers occurring 605 or more times
[M::ha_opt_update_cov] updated max_n_chain to 605
