=======================================================================
__________ ____ _______________________.____     _____________________ 
\______   \    |   \____    /\____    /|    |    \_   _____/\______   \
 |     ___/    |   / /     /   /     / |    |     |    __)_  |       _/
 |    |   |    |  / /     /_  /     /_ |    |___  |        \ |    |   \
 |____|   |______/ /_______ \/_______ \|_______ \/_______  / |____|_  /
                           \/        \/        \/        \/         \/ 
=======================================================================

Starting assembly pipeline for HART046
Ploidy: 3
HiFi reads: /project/coffea_pangenome/Artocarpus/Assemblies/20241115_JustinAssemblies/HART046/HART046.HiFi.fastq.gz
HiC reads: /project/coffea_pangenome/Artocarpus/Assemblies/20241115_JustinAssemblies/HART046/HART046.HiC.R1.fastq.gz, /project/coffea_pangenome/Artocarpus/Assemblies/20241115_JustinAssemblies/HART046/HART046.HiC.R2.fastq.gz
Running HiC-enabled pipeline
Assuming unrestricted shared filesystem usage.
host: ceres19-compute-4.ceres.scinet.usda.gov
Building DAG of jobs...
LockException:
Error: Directory cannot be locked. Please make sure that no other Snakemake process is trying to create the same files in the following directory:
/home/justin.merondun/puzzler/snakemake
If you are sure that no other instances of snakemake are running on this directory, the remaining lock was likely caused by a kill signal or a power loss. It can be removed with the --unlock argument.
