=======================================================================
__________ ____ _______________________.____     _____________________ 
\______   \    |   \____    /\____    /|    |    \_   _____/\______   \
 |     ___/    |   / /     /   /     / |    |     |    __)_  |       _/
 |    |   |    |  / /     /_  /     /_ |    |___  |        \ |    |   \
 |____|   |______/ /_______ \/_______ \|_______ \/_______  / |____|_  /
                           \/        \/        \/        \/         \/ 
=======================================================================

Starting assembly pipeline for N15_23
Ploidy: 2
HiFi reads: /project/coffea_pangenome/Artocarpus/Assemblies/20241115_JustinAssemblies/N15_23/N15_23.HiFi.fastq.gz
No HiC reads provided, running standard pipeline
Assuming unrestricted shared filesystem usage.
host: ceres24-compute-20.ceres.scinet.usda.gov
Building DAG of jobs...
Using shell: /usr/bin/bash
Provided cores: 1 (use --cores to define parallelism)
Rules claiming more threads will be scaled down.
Conda environments: ignored
Job stats:
job           count
----------  -------
hifiasm           1
purge_dups        1
ragtag            1
total             3

Select jobs to execute...
Execute 1 jobs...

[Tue Nov 26 16:02:01 2024]
localrule hifiasm:
    input: /project/coffea_pangenome/Artocarpus/Assemblies/20241115_JustinAssemblies/N15_23/N15_23.HiFi.fastq.gz
    output: /project/coffea_pangenome/Artocarpus/Assemblies/20241115_JustinAssemblies/N15_23/HiCHiFi/N15_23.p_ctg.gfa
    jobid: 2
    reason: Missing output files: /project/coffea_pangenome/Artocarpus/Assemblies/20241115_JustinAssemblies/N15_23/HiCHiFi/N15_23.p_ctg.gfa
    wildcards: sample=N15_23
    resources: tmpdir=/local/bgfs/justin.merondun/13664386

Activating singularity image /project/coffea_pangenome/Software/Merondun/apptainers/puzzler.sif
WARNING: SINGULARITY_TMPDIR and APPTAINER_TMPDIR have different values, using the latter
~~~~ Starting HiFiasm Assembly for N15_23 ~~~~
[M::ha_analyze_count] lowest: count[10] = 99763
[M::ha_analyze_count] highest: count[69] = 10914384
[M::ha_hist_line]     2: ************************************************************* 6675429
[M::ha_hist_line]     3: ************ 1336550
[M::ha_hist_line]     4: ***** 542138
[M::ha_hist_line]     5: *** 295215
[M::ha_hist_line]     6: ** 190866
[M::ha_hist_line]     7: * 140079
[M::ha_hist_line]     8: * 115743
[M::ha_hist_line]     9: * 104072
[M::ha_hist_line]    10: * 99763
[M::ha_hist_line]    11: * 104069
[M::ha_hist_line]    12: * 126321
[M::ha_hist_line]    13: * 152519
[M::ha_hist_line]    14: ** 215322
[M::ha_hist_line]    15: ** 260615
[M::ha_hist_line]    16: *** 338065
[M::ha_hist_line]    17: **** 442238
[M::ha_hist_line]    18: ***** 554145
[M::ha_hist_line]    19: ****** 691056
[M::ha_hist_line]    20: ******** 901509
[M::ha_hist_line]    21: ********** 1143599
[M::ha_hist_line]    22: ************** 1475123
[M::ha_hist_line]    23: ***************** 1860159
[M::ha_hist_line]    24: ********************** 2375462
[M::ha_hist_line]    25: *************************** 2959531
[M::ha_hist_line]    26: ********************************** 3690097
[M::ha_hist_line]    27: ***************************************** 4434808
[M::ha_hist_line]    28: ************************************************ 5248980
[M::ha_hist_line]    29: ******************************************************** 6101093
[M::ha_hist_line]    30: *************************************************************** 6922686
[M::ha_hist_line]    31: ********************************************************************** 7654622
[M::ha_hist_line]    32: *************************************************************************** 8165879
[M::ha_hist_line]    33: ****************************************************************************** 8549203
[M::ha_hist_line]    34: ******************************************************************************** 8756577
[M::ha_hist_line]    35: ******************************************************************************** 8677648
[M::ha_hist_line]    36: ***************************************************************************** 8458526
[M::ha_hist_line]    37: ************************************************************************* 8020295
[M::ha_hist_line]    38: ******************************************************************** 7446811
[M::ha_hist_line]    39: ************************************************************** 6756054
[M::ha_hist_line]    40: ******************************************************** 6076293
[M::ha_hist_line]    41: ************************************************* 5296875
[M::ha_hist_line]    42: ****************************************** 4583167
[M::ha_hist_line]    43: ************************************ 3946008
[M::ha_hist_line]    44: ******************************* 3395925
[M::ha_hist_line]    45: *************************** 2901078
[M::ha_hist_line]    46: *********************** 2547131
[M::ha_hist_line]    47: ********************* 2280264
[M::ha_hist_line]    48: ******************** 2146359
[M::ha_hist_line]    49: ******************* 2089729
[M::ha_hist_line]    50: ******************* 2107097
[M::ha_hist_line]    51: ********************* 2252570
[M::ha_hist_line]    52: *********************** 2459946
[M::ha_hist_line]    53: ************************* 2764241
[M::ha_hist_line]    54: ***************************** 3120181
[M::ha_hist_line]    55: ********************************* 3581702
[M::ha_hist_line]    56: ************************************** 4116374
[M::ha_hist_line]    57: ******************************************* 4696201
[M::ha_hist_line]    58: ************************************************* 5333512
[M::ha_hist_line]    59: ******************************************************* 6042641
[M::ha_hist_line]    60: ************************************************************** 6764753
[M::ha_hist_line]    61: ******************************************************************** 7462906
[M::ha_hist_line]    62: *************************************************************************** 8140371
[M::ha_hist_line]    63: ********************************************************************************* 8794289
[M::ha_hist_line]    64: ************************************************************************************** 9390091
[M::ha_hist_line]    65: ****************************************************************************************** 9823993
[M::ha_hist_line]    66: ********************************************************************************************** 10230870
[M::ha_hist_line]    67: ************************************************************************************************* 10544130
[M::ha_hist_line]    68: *************************************************************************************************** 10784334
[M::ha_hist_line]    69: **************************************************************************************************** 10914384
[M::ha_hist_line]    70: **************************************************************************************************** 10882815
[M::ha_hist_line]    71: ************************************************************************************************** 10728789
[M::ha_hist_line]    72: ************************************************************************************************ 10460025
[M::ha_hist_line]    73: ******************************************************************************************* 9985144
[M::ha_hist_line]    74: ************************************************************************************** 9434322
[M::ha_hist_line]    75: ********************************************************************************* 8880127
[M::ha_hist_line]    76: **************************************************************************** 8252166
[M::ha_hist_line]    77: ********************************************************************* 7580967
[M::ha_hist_line]    78: *************************************************************** 6887957
[M::ha_hist_line]    79: ******************************************************** 6112912
[M::ha_hist_line]    80: ************************************************* 5361891
[M::ha_hist_line]    81: ******************************************* 4692093
[M::ha_hist_line]    82: ************************************* 4030860
[M::ha_hist_line]    83: ******************************** 3457545
[M::ha_hist_line]    84: *************************** 2948723
[M::ha_hist_line]    85: ********************** 2449923
[M::ha_hist_line]    86: ******************* 2051050
[M::ha_hist_line]    87: *************** 1677799
[M::ha_hist_line]    88: ************* 1365833
[M::ha_hist_line]    89: ********** 1107270
[M::ha_hist_line]    90: ******** 899375
[M::ha_hist_line]    91: ******* 723716
[M::ha_hist_line]    92: ***** 586250
[M::ha_hist_line]    93: **** 476865
[M::ha_hist_line]    94: *** 377330
[M::ha_hist_line]    95: *** 309520
[M::ha_hist_line]    96: ** 241529
[M::ha_hist_line]    97: ** 190405
[M::ha_hist_line]    98: * 156275
[M::ha_hist_line]    99: * 136658
[M::ha_hist_line]   100: * 121032
[M::ha_hist_line]   101: * 111999
[M::ha_hist_line]   102: * 106472
[M::ha_hist_line]   103: * 98547
[M::ha_hist_line]   104: * 94961
[M::ha_hist_line]   105: * 92868
[M::ha_hist_line]   106: * 88036
[M::ha_hist_line]   107: * 81761
[M::ha_hist_line]   108: * 81313
[M::ha_hist_line]   109: * 76785
[M::ha_hist_line]   110: * 71722
[M::ha_hist_line]   111: * 69385
[M::ha_hist_line]   112: * 63158
[M::ha_hist_line]   113: * 63349
[M::ha_hist_line]   114: * 59919
[M::ha_hist_line]   115: * 58987
[M::ha_hist_line]   116: * 56241
[M::ha_hist_line]   117: * 55879
[M::ha_hist_line]   118: * 55488
[M::ha_hist_line]  rest: ******************************************* 4727956
[M::ha_analyze_count] left: count[34] = 8756577
[M::ha_analyze_count] right: none
[M::ha_ft_gen] peak_hom: 69; peak_het: 34
[M::ha_ct_shrink::1616.919*1.42] ==> counted 1056068 distinct minimizer k-mers
[M::ha_ft_gen::1617.477*1.42@24.846GB] ==> filtered out 1056068 k-mers occurring 345 or more times
[M::ha_opt_update_cov] updated max_n_chain to 345
[M::yak_count] collected 950630993 minimizers
[M::ha_pt_gen::2770.009*1.36] ==> counted 28685249 distinct minimizer k-mers
[M::ha_pt_gen] count[4095] = 0 (for sanity check)
[M::ha_analyze_count] lowest: count[11] = 5983
[M::ha_analyze_count] highest: count[69] = 420714
[M::ha_hist_line]     1: ****************************************************************************************************> 11509934
[M::ha_hist_line]     2: ****************************************************************************************************> 483349
[M::ha_hist_line]     3: ************************** 108071
[M::ha_hist_line]     4: ********** 43320
[M::ha_hist_line]     5: ***** 22803
[M::ha_hist_line]     6: *** 13956
[M::ha_hist_line]     7: ** 9684
[M::ha_hist_line]     8: ** 7668
[M::ha_hist_line]     9: ** 6623
[M::ha_hist_line]    10: * 5988
[M::ha_hist_line]    11: * 5983
[M::ha_hist_line]    12: ** 7109
[M::ha_hist_line]    13: ** 8155
[M::ha_hist_line]    14: *** 10659
[M::ha_hist_line]    15: *** 12769
[M::ha_hist_line]    16: **** 16010
[M::ha_hist_line]    17: ***** 20732
[M::ha_hist_line]    18: ****** 25882
[M::ha_hist_line]    19: ******** 32003
[M::ha_hist_line]    20: ********** 41945
[M::ha_hist_line]    21: ************* 53286
[M::ha_hist_line]    22: **************** 68006
[M::ha_hist_line]    23: ******************** 86178
[M::ha_hist_line]    24: ************************** 109245
[M::ha_hist_line]    25: ******************************** 135449
[M::ha_hist_line]    26: **************************************** 168760
[M::ha_hist_line]    27: ************************************************ 202243
[M::ha_hist_line]    28: ********************************************************* 238702
[M::ha_hist_line]    29: ****************************************************************** 276219
[M::ha_hist_line]    30: ************************************************************************** 312731
[M::ha_hist_line]    31: ********************************************************************************* 342793
[M::ha_hist_line]    32: ************************************************************************************** 363371
[M::ha_hist_line]    33: ****************************************************************************************** 379575
[M::ha_hist_line]    34: ******************************************************************************************** 387348
[M::ha_hist_line]    35: ******************************************************************************************* 382218
[M::ha_hist_line]    36: **************************************************************************************** 369912
[M::ha_hist_line]    37: *********************************************************************************** 350074
[M::ha_hist_line]    38: ***************************************************************************** 323571
[M::ha_hist_line]    39: ********************************************************************* 291685
[M::ha_hist_line]    40: ************************************************************** 261492
[M::ha_hist_line]    41: ****************************************************** 226582
[M::ha_hist_line]    42: ********************************************** 195538
[M::ha_hist_line]    43: **************************************** 167590
[M::ha_hist_line]    44: ********************************** 142798
[M::ha_hist_line]    45: ***************************** 121728
[M::ha_hist_line]    46: ************************* 105783
[M::ha_hist_line]    47: ********************** 94085
[M::ha_hist_line]    48: ********************* 88112
[M::ha_hist_line]    49: ******************** 84745
[M::ha_hist_line]    50: ******************** 85311
[M::ha_hist_line]    51: ********************** 90904
[M::ha_hist_line]    52: *********************** 98724
[M::ha_hist_line]    53: ************************** 110833
[M::ha_hist_line]    54: ****************************** 125055
[M::ha_hist_line]    55: ********************************** 143277
[M::ha_hist_line]    56: *************************************** 164956
[M::ha_hist_line]    57: ********************************************* 187271
[M::ha_hist_line]    58: *************************************************** 212909
[M::ha_hist_line]    59: ********************************************************* 240477
[M::ha_hist_line]    60: **************************************************************** 267702
[M::ha_hist_line]    61: ********************************************************************** 294936
[M::ha_hist_line]    62: **************************************************************************** 321027
[M::ha_hist_line]    63: ********************************************************************************** 345683
[M::ha_hist_line]    64: *************************************************************************************** 366721
[M::ha_hist_line]    65: ******************************************************************************************* 382878
[M::ha_hist_line]    66: *********************************************************************************************** 398483
[M::ha_hist_line]    67: ************************************************************************************************* 408649
[M::ha_hist_line]    68: *************************************************************************************************** 417145
[M::ha_hist_line]    69: **************************************************************************************************** 420714
[M::ha_hist_line]    70: **************************************************************************************************** 419691
[M::ha_hist_line]    71: ************************************************************************************************** 411204
[M::ha_hist_line]    72: *********************************************************************************************** 398965
[M::ha_hist_line]    73: ****************************************************************************************** 378941
[M::ha_hist_line]    74: ************************************************************************************* 358290
[M::ha_hist_line]    75: ******************************************************************************** 335659
[M::ha_hist_line]    76: ************************************************************************** 311407
[M::ha_hist_line]    77: ******************************************************************** 285095
[M::ha_hist_line]    78: ************************************************************* 256956
[M::ha_hist_line]    79: ****************************************************** 227320
[M::ha_hist_line]    80: *********************************************** 199549
[M::ha_hist_line]    81: ***************************************** 173453
[M::ha_hist_line]    82: ************************************ 149513
[M::ha_hist_line]    83: ****************************** 127521
[M::ha_hist_line]    84: ************************** 108365
[M::ha_hist_line]    85: ********************* 90221
[M::ha_hist_line]    86: ****************** 75037
[M::ha_hist_line]    87: *************** 61624
[M::ha_hist_line]    88: ************ 50053
[M::ha_hist_line]    89: ********** 40917
[M::ha_hist_line]    90: ******** 33035
[M::ha_hist_line]    91: ****** 26740
[M::ha_hist_line]    92: ***** 21994
[M::ha_hist_line]    93: **** 17852
[M::ha_hist_line]    94: *** 14566
[M::ha_hist_line]    95: *** 11929
[M::ha_hist_line]    96: ** 9535
[M::ha_hist_line]    97: ** 7649
[M::ha_hist_line]    98: ** 6782
[M::ha_hist_line]    99: * 6122
[M::ha_hist_line]   100: * 5528
[M::ha_hist_line]   101: * 5025
[M::ha_hist_line]   102: * 4997
[M::ha_hist_line]   103: * 4629
[M::ha_hist_line]   104: * 4604
[M::ha_hist_line]   105: * 4479
[M::ha_hist_line]   106: * 4202
[M::ha_hist_line]   107: * 4059
[M::ha_hist_line]   108: * 3980
[M::ha_hist_line]   109: * 3722
[M::ha_hist_line]   110: * 3629
[M::ha_hist_line]   111: * 3393
[M::ha_hist_line]   112: * 3089
[M::ha_hist_line]   113: * 3142
[M::ha_hist_line]   114: * 2967
[M::ha_hist_line]   115: * 2827
[M::ha_hist_line]   116: * 2704
[M::ha_hist_line]   117: * 2773
[M::ha_hist_line]   118: * 2669
[M::ha_hist_line]   119: * 2567
[M::ha_hist_line]   120: * 2525
[M::ha_hist_line]   121: * 2537
[M::ha_hist_line]   122: * 2486
[M::ha_hist_line]   123: * 2508
[M::ha_hist_line]   124: * 2573
[M::ha_hist_line]   125: * 2505
[M::ha_hist_line]   126: * 2614
[M::ha_hist_line]   127: * 2688
[M::ha_hist_line]   128: * 2782
[M::ha_hist_line]   129: * 2850
[M::ha_hist_line]   130: * 2802
[M::ha_hist_line]   131: * 2937
[M::ha_hist_line]   132: * 2879
[M::ha_hist_line]   133: * 2995
[M::ha_hist_line]   134: * 3064
[M::ha_hist_line]   135: * 2961
[M::ha_hist_line]   136: * 2962
[M::ha_hist_line]   137: * 2863
[M::ha_hist_line]   138: * 3018
[M::ha_hist_line]   139: * 2953
[M::ha_hist_line]   140: * 3014
[M::ha_hist_line]   141: * 2930
[M::ha_hist_line]   142: * 2884
[M::ha_hist_line]   143: * 2785
[M::ha_hist_line]   144: * 2650
[M::ha_hist_line]   145: * 2564
[M::ha_hist_line]   146: * 2366
[M::ha_hist_line]   147: * 2338
[M::ha_hist_line]   148: * 2293
[M::ha_hist_line]   149: * 2154
[M::ha_hist_line]  rest: ************************* 106682
[M::ha_analyze_count] left: count[34] = 387348
[M::ha_analyze_count] right: none
[M::ha_pt_gen] peak_hom: 69; peak_het: 34
[M::ha_ct_shrink::2770.976*1.36] ==> counted 17175315 distinct minimizer k-mers
[M::ha_pt_gen::] counting in normal mode
[M::yak_count] collected 950630993 minimizers
[M::ha_pt_gen::3929.161*1.28] ==> indexed 939121059 positions, counted 17175315 distinct minimizer k-mers
[M::pec::72743.452] # bases: 38428287184; # corrected bases: 57752952
[M::ha_assemble::76782.673*1.01@29.122GB] ==> corrected reads for round 1
[M::ha_assemble] # bases: 38428287184; # corrected bases: 57752952
[M::yak_count] collected 949610063 minimizers
[M::ha_pt_gen::77902.750*1.01] ==> counted 19743909 distinct minimizer k-mers
[M::ha_pt_gen] count[4095] = 0 (for sanity check)
[M::ha_analyze_count] lowest: count[9] = 3557
[M::ha_analyze_count] highest: count[69] = 420058
[M::ha_hist_line]     1: ****************************************************************************************************> 3003427
[M::ha_hist_line]     2: ********************************************** 191690
[M::ha_hist_line]     3: ********** 39953
[M::ha_hist_line]     4: *** 14437
[M::ha_hist_line]     5: ** 7492
[M::ha_hist_line]     6: * 4831
[M::ha_hist_line]     7: * 3776
[M::ha_hist_line]     8: * 3583
[M::ha_hist_line]     9: * 3557
[M::ha_hist_line]    10: * 3840
[M::ha_hist_line]    11: * 4258
[M::ha_hist_line]    12: * 5417
[M::ha_hist_line]    13: ** 6558
[M::ha_hist_line]    14: ** 9472
[M::ha_hist_line]    15: *** 11470
[M::ha_hist_line]    16: *** 14606
[M::ha_hist_line]    17: ***** 18958
[M::ha_hist_line]    18: ****** 23847
[M::ha_hist_line]    19: ******* 29352
[M::ha_hist_line]    20: ********* 38277
[M::ha_hist_line]    21: ************ 48872
[M::ha_hist_line]    22: *************** 62234
[M::ha_hist_line]    23: ******************* 79420
[M::ha_hist_line]    24: ************************ 100938
[M::ha_hist_line]    25: ****************************** 125546
[M::ha_hist_line]    26: ************************************** 157573
[M::ha_hist_line]    27: ********************************************* 190578
[M::ha_hist_line]    28: ****************************************************** 225488
[M::ha_hist_line]    29: *************************************************************** 263593
[M::ha_hist_line]    30: ************************************************************************ 300800
[M::ha_hist_line]    31: ******************************************************************************* 333304
[M::ha_hist_line]    32: ************************************************************************************* 355519
[M::ha_hist_line]    33: ***************************************************************************************** 374139
[M::ha_hist_line]    34: ******************************************************************************************** 385298
[M::ha_hist_line]    35: ******************************************************************************************* 382285
[M::ha_hist_line]    36: ***************************************************************************************** 375578
[M::ha_hist_line]    37: ************************************************************************************* 357150
[M::ha_hist_line]    38: ******************************************************************************* 331891
[M::ha_hist_line]    39: ************************************************************************ 302183
[M::ha_hist_line]    40: ***************************************************************** 272554
[M::ha_hist_line]    41: ******************************************************** 237295
[M::ha_hist_line]    42: ************************************************* 205553
[M::ha_hist_line]    43: ****************************************** 176128
[M::ha_hist_line]    44: ************************************ 151095
[M::ha_hist_line]    45: ****************************** 127135
[M::ha_hist_line]    46: ************************** 110076
[M::ha_hist_line]    47: *********************** 96660
[M::ha_hist_line]    48: ********************* 88650
[M::ha_hist_line]    49: ******************** 83733
[M::ha_hist_line]    50: ******************** 83269
[M::ha_hist_line]    51: ********************* 86489
[M::ha_hist_line]    52: ********************** 92810
[M::ha_hist_line]    53: ************************* 103344
[M::ha_hist_line]    54: **************************** 115742
[M::ha_hist_line]    55: ******************************* 131649
[M::ha_hist_line]    56: ************************************ 150933
[M::ha_hist_line]    57: ***************************************** 174044
[M::ha_hist_line]    58: *********************************************** 197274
[M::ha_hist_line]    59: ***************************************************** 223699
[M::ha_hist_line]    60: *********************************************************** 249907
[M::ha_hist_line]    61: ****************************************************************** 278735
[M::ha_hist_line]    62: ************************************************************************ 304164
[M::ha_hist_line]    63: ****************************************************************************** 329746
[M::ha_hist_line]    64: ************************************************************************************ 354629
[M::ha_hist_line]    65: **************************************************************************************** 370259
[M::ha_hist_line]    66: ******************************************************************************************** 387848
[M::ha_hist_line]    67: *********************************************************************************************** 400921
[M::ha_hist_line]    68: ************************************************************************************************** 411866
[M::ha_hist_line]    69: **************************************************************************************************** 420058
[M::ha_hist_line]    70: *************************************************************************************************** 416950
[M::ha_hist_line]    71: *************************************************************************************************** 416412
[M::ha_hist_line]    72: ************************************************************************************************ 405015
[M::ha_hist_line]    73: ********************************************************************************************* 390895
[M::ha_hist_line]    74: **************************************************************************************** 370204
[M::ha_hist_line]    75: *********************************************************************************** 348499
[M::ha_hist_line]    76: ****************************************************************************** 325650
[M::ha_hist_line]    77: ************************************************************************ 301500
[M::ha_hist_line]    78: ****************************************************************** 275844
[M::ha_hist_line]    79: ********************************************************** 245538
[M::ha_hist_line]    80: *************************************************** 215812
[M::ha_hist_line]    81: ********************************************* 189740
[M::ha_hist_line]    82: *************************************** 163807
[M::ha_hist_line]    83: ********************************* 140644
[M::ha_hist_line]    84: ***************************** 122772
[M::ha_hist_line]    85: ************************ 101367
[M::ha_hist_line]    86: ******************** 83995
[M::ha_hist_line]    87: ***************** 70509
[M::ha_hist_line]    88: ************** 57222
[M::ha_hist_line]    89: *********** 46557
[M::ha_hist_line]    90: ********* 38359
[M::ha_hist_line]    91: ******* 31141
[M::ha_hist_line]    92: ****** 25317
[M::ha_hist_line]    93: ***** 20415
[M::ha_hist_line]    94: **** 16577
[M::ha_hist_line]    95: *** 13901
[M::ha_hist_line]    96: *** 11047
[M::ha_hist_line]    97: ** 8841
[M::ha_hist_line]    98: ** 7376
[M::ha_hist_line]    99: ** 6477
[M::ha_hist_line]   100: * 5809
[M::ha_hist_line]   101: * 5393
[M::ha_hist_line]   102: * 5040
[M::ha_hist_line]   103: * 4693
[M::ha_hist_line]   104: * 4607
[M::ha_hist_line]   105: * 4601
[M::ha_hist_line]   106: * 4402
[M::ha_hist_line]   107: * 4021
[M::ha_hist_line]   108: * 4230
[M::ha_hist_line]   109: * 3884
[M::ha_hist_line]   110: * 3727
[M::ha_hist_line]   111: * 3657
[M::ha_hist_line]   112: * 3188
[M::ha_hist_line]   113: * 3111
[M::ha_hist_line]   114: * 3134
[M::ha_hist_line]   115: * 2901
[M::ha_hist_line]   116: * 2682
[M::ha_hist_line]   117: * 2699
[M::ha_hist_line]   118: * 2762
[M::ha_hist_line]   119: * 2652
[M::ha_hist_line]   120: * 2464
[M::ha_hist_line]   121: * 2486
[M::ha_hist_line]   122: * 2551
[M::ha_hist_line]   123: * 2427
[M::ha_hist_line]   124: * 2462
[M::ha_hist_line]   125: * 2447
[M::ha_hist_line]   126: * 2529
[M::ha_hist_line]   127: * 2646
[M::ha_hist_line]   128: * 2683
[M::ha_hist_line]   129: * 2749
[M::ha_hist_line]   130: * 2843
[M::ha_hist_line]   131: * 2871
[M::ha_hist_line]   132: * 2749
[M::ha_hist_line]   133: * 2881
[M::ha_hist_line]   134: * 2958
[M::ha_hist_line]   135: * 3007
[M::ha_hist_line]   136: * 2891
[M::ha_hist_line]   137: * 2899
[M::ha_hist_line]   138: * 3080
[M::ha_hist_line]   139: * 2949
[M::ha_hist_line]   140: * 3005
[M::ha_hist_line]   141: * 3002
[M::ha_hist_line]   142: * 2802
[M::ha_hist_line]   143: * 2871
[M::ha_hist_line]   144: * 2803
[M::ha_hist_line]   145: * 2638
[M::ha_hist_line]   146: * 2529
[M::ha_hist_line]   147: * 2378
[M::ha_hist_line]   148: * 2425
[M::ha_hist_line]   149: * 2275
[M::ha_hist_line]   150: * 2182
[M::ha_hist_line]  rest: ************************** 107396
[M::ha_analyze_count] left: count[34] = 385298
[M::ha_analyze_count] right: none
[M::ha_pt_gen] peak_hom: 69; peak_het: 34
[M::ha_ct_shrink::77903.646*1.01] ==> counted 16740482 distinct minimizer k-mers
[M::ha_pt_gen::] counting in normal mode
[M::yak_count] collected 949610063 minimizers
[M::ha_pt_gen::79027.566*1.01] ==> indexed 946606636 positions, counted 16740482 distinct minimizer k-mers
