=======================================================================
__________ ____ _______________________.____     _____________________ 
\______   \    |   \____    /\____    /|    |    \_   _____/\______   \
 |     ___/    |   / /     /   /     / |    |     |    __)_  |       _/
 |    |   |    |  / /     /_  /     /_ |    |___  |        \ |    |   \
 |____|   |______/ /_______ \/_______ \|_______ \/_______  / |____|_  /
                           \/        \/        \/        \/         \/ 
=======================================================================

Starting assembly pipeline for HART032
Ploidy: 3
HiFi reads: /project/coffea_pangenome/Artocarpus/Assemblies/20241115_JustinAssemblies/HART032/HART032.HiFi.fastq.gz
HiC reads: /project/coffea_pangenome/Artocarpus/Assemblies/20241115_JustinAssemblies/HART032/HART032.HiC.R1.fastq.gz, /project/coffea_pangenome/Artocarpus/Assemblies/20241115_JustinAssemblies/HART032/HART032.HiC.R2.fastq.gz
Running HiC-enabled pipeline
Assuming unrestricted shared filesystem usage.
host: ceres19-compute-82.ceres.scinet.usda.gov
Building DAG of jobs...
Using shell: /usr/bin/bash
Provided cores: 1 (use --cores to define parallelism)
Rules claiming more threads will be scaled down.
Conda environments: ignored
Job stats:
job            count
-----------  -------
haphic             1
hifiasm_hic        1
purge_dups         1
ragtag             1
total              4

Select jobs to execute...
Execute 1 jobs...

[Tue Nov 26 16:20:00 2024]
localrule hifiasm_hic:
    input: /project/coffea_pangenome/Artocarpus/Assemblies/20241115_JustinAssemblies/HART032/HART032.HiFi.fastq.gz, /project/coffea_pangenome/Artocarpus/Assemblies/20241115_JustinAssemblies/HART032/HART032.HiC.R1.fastq.gz, /project/coffea_pangenome/Artocarpus/Assemblies/20241115_JustinAssemblies/HART032/HART032.HiC.R2.fastq.gz
    output: /project/coffea_pangenome/Artocarpus/Assemblies/20241115_JustinAssemblies/HART032/HiCHiFi/HART032.hic.p_ctg.gfa
    jobid: 3
    reason: Missing output files: /project/coffea_pangenome/Artocarpus/Assemblies/20241115_JustinAssemblies/HART032/HiCHiFi/HART032.hic.p_ctg.gfa
    wildcards: sample=HART032
    resources: tmpdir=/local/bgfs/justin.merondun/13664513

Activating singularity image /project/coffea_pangenome/Software/Merondun/apptainers/puzzler.sif
WARNING: SINGULARITY_TMPDIR and APPTAINER_TMPDIR have different values, using the latter
~~~~ Starting HiFiasm-HiC Assembly for HART032 ~~~~
[M::ha_analyze_count] lowest: count[5] = 0
[M::ha_analyze_count] highest: count[102] = 11298440
[M::ha_hist_line]     2:  0
[M::ha_hist_line]     3: ****************************************************************************************************> 285758131
[M::ha_hist_line]     4:  7242
[M::ha_hist_line]     5:  0
[M::ha_hist_line]     6: ************************************************** 5648448
[M::ha_hist_line]     7:  139
[M::ha_hist_line]     8:  0
[M::ha_hist_line]     9: ************* 1454644
[M::ha_hist_line]    10:  25
[M::ha_hist_line]    11:  0
[M::ha_hist_line]    12: ****** 718131
[M::ha_hist_line]    13:  15
[M::ha_hist_line]    14:  0
[M::ha_hist_line]    15: **** 448257
[M::ha_hist_line]    16:  6
[M::ha_hist_line]    17:  0
[M::ha_hist_line]    18: *** 311887
[M::ha_hist_line]    19:  7
[M::ha_hist_line]    20:  0
[M::ha_hist_line]    21: ** 242578
[M::ha_hist_line]    22:  5
[M::ha_hist_line]    23:  0
[M::ha_hist_line]    24: ** 189732
[M::ha_hist_line]    25:  0
[M::ha_hist_line]    26:  0
[M::ha_hist_line]    27: ** 175770
[M::ha_hist_line]    28:  1
[M::ha_hist_line]    29:  0
[M::ha_hist_line]    30: ** 175919
[M::ha_hist_line]    31:  3
[M::ha_hist_line]    32:  0
[M::ha_hist_line]    33: ** 188152
[M::ha_hist_line]    34:  2
[M::ha_hist_line]    35:  0
[M::ha_hist_line]    36: ** 213368
[M::ha_hist_line]    37:  6
[M::ha_hist_line]    38:  0
[M::ha_hist_line]    39: ** 257449
[M::ha_hist_line]    40:  6
[M::ha_hist_line]    41:  0
[M::ha_hist_line]    42: *** 317563
[M::ha_hist_line]    43:  3
[M::ha_hist_line]    44:  0
[M::ha_hist_line]    45: **** 406313
[M::ha_hist_line]    46:  7
[M::ha_hist_line]    47:  0
[M::ha_hist_line]    48: ***** 529532
[M::ha_hist_line]    49:  6
[M::ha_hist_line]    50:  0
[M::ha_hist_line]    51: ****** 686521
[M::ha_hist_line]    52:  21
[M::ha_hist_line]    53:  0
[M::ha_hist_line]    54: ******** 899619
[M::ha_hist_line]    55:  12
[M::ha_hist_line]    56:  0
[M::ha_hist_line]    57: ********** 1165588
[M::ha_hist_line]    58:  21
[M::ha_hist_line]    59:  0
[M::ha_hist_line]    60: ************* 1503383
[M::ha_hist_line]    61:  18
[M::ha_hist_line]    62:  0
[M::ha_hist_line]    63: ***************** 1938750
[M::ha_hist_line]    64:  30
[M::ha_hist_line]    65:  0
[M::ha_hist_line]    66: ********************** 2440923
[M::ha_hist_line]    67:  34
[M::ha_hist_line]    68:  0
[M::ha_hist_line]    69: **************************** 3109507
[M::ha_hist_line]    70:  49
[M::ha_hist_line]    71:  0
[M::ha_hist_line]    72: ********************************** 3841481
[M::ha_hist_line]    73:  46
[M::ha_hist_line]    74:  0
[M::ha_hist_line]    75: ****************************************** 4725420
[M::ha_hist_line]    76:  85
[M::ha_hist_line]    77:  0
[M::ha_hist_line]    78: ************************************************** 5685348
[M::ha_hist_line]    79:  78
[M::ha_hist_line]    80:  0
[M::ha_hist_line]    81: *********************************************************** 6671158
[M::ha_hist_line]    82:  83
[M::ha_hist_line]    83:  0
[M::ha_hist_line]    84: ******************************************************************** 7677732
[M::ha_hist_line]    85:  118
[M::ha_hist_line]    86:  0
[M::ha_hist_line]    87: ***************************************************************************** 8675745
[M::ha_hist_line]    88:  120
[M::ha_hist_line]    89:  0
[M::ha_hist_line]    90: ************************************************************************************ 9518768
[M::ha_hist_line]    91:  147
[M::ha_hist_line]    92:  0
[M::ha_hist_line]    93: ******************************************************************************************* 10332099
[M::ha_hist_line]    94:  125
[M::ha_hist_line]    95:  0
[M::ha_hist_line]    96: ************************************************************************************************ 10850250
[M::ha_hist_line]    97:  144
[M::ha_hist_line]    98:  0
[M::ha_hist_line]    99: *************************************************************************************************** 11184721
[M::ha_hist_line]   100:  145
[M::ha_hist_line]   101:  0
[M::ha_hist_line]   102: **************************************************************************************************** 11298440
[M::ha_hist_line]  rest: ****************************************************************************************************> 570800591
[M::ha_analyze_count] left: count[99] = 11184721
[M::ha_analyze_count] right: count[105] = 11159687
[M::ha_ft_gen] peak_hom: 105; peak_het: 102
[M::ha_ct_shrink::9167.884*1.49] ==> counted 12217375 distinct minimizer k-mers
[M::ha_ft_gen::9170.539*1.49@33.261GB] ==> filtered out 12217375 k-mers occurring 525 or more times
[M::ha_opt_update_cov] updated max_n_chain to 525
[M::yak_count] collected 6707441814 minimizers
[M::ha_pt_gen::19873.953*1.33] ==> counted 47318823 distinct minimizer k-mers
[M::ha_pt_gen] count[4095] = 0 (for sanity check)
[M::ha_analyze_count] lowest: count[5] = 0
[M::ha_analyze_count] highest: count[6] = 632623
[M::ha_hist_line]     2:  0
[M::ha_hist_line]     3: ****************************************************************************************************> 15370953
[M::ha_hist_line]     4:  0
[M::ha_hist_line]     5:  0
[M::ha_hist_line]     6: **************************************************************************************************** 632623
[M::ha_hist_line]  rest: ****************************************************************************************************> 31315247
[M::ha_analyze_count] left: none
[M::ha_analyze_count] right: none
[M::ha_pt_gen] peak_hom: 6; peak_het: -1
[M::ha_ct_shrink::19875.573*1.33] ==> counted 47318823 distinct minimizer k-mers
[M::ha_pt_gen::] counting in normal mode
[M::yak_count] collected 6707441814 minimizers
[M::ha_pt_gen::31967.856*1.27] ==> indexed 6707441814 positions, counted 47318823 distinct minimizer k-mers
